<?xml version="1.0" encoding="UTF-8"?>
<!-- Generated by org.testng.reporters.JUnitReportReporter -->
<testsuite hostname="DESKTOP-D4GJQLA" failures="0" tests="2" name="com.adnabuarjun.shopify.FilterProductsTest" time="44.435" errors="0" timestamp="2023-11-24T18:56:48 IST" skipped="0">
  <testcase classname="com.adnabuarjun.shopify.FilterProductsTest" name="removeProductTest" time="3.376"/>
  <system-out/>
  <testcase classname="com.adnabuarjun.shopify.FilterProductsTest" name="filterProducts" time="41.059"/>
  <system-out/>
</testsuite> <!-- com.adnabuarjun.shopify.FilterProductsTest -->
